<?xml version="1.0" encoding="UTF-8"?>
<!-- Generated by org.testng.reporters.JUnitXMLReporter -->
<testsuite ignored="0" hostname="DESKTOP-3FEE0F1" failures="0" tests="1" name="Default test" time="8.965" errors="0" timestamp="2021-04-15T17:38:12 IST">
  <testcase classname="exercise.Module2.SelectManufacturer" name="@AfterTest closebrowse" time="0.019">
    <failure type="java.lang.StackOverflowError">
      <![CDATA[java.lang.StackOverflowError
at exercise.Module2.SelectManufacturer.closebrowse(SelectManufacturer.java:47)
at exercise.Module2.SelectManufacturer.closebrowse(SelectManufacturer.java:47)
at exercise.Module2.SelectManufacturer.closebrowse(SelectManufacturer.java:47)
at exercise.Module2.SelectManufacturer.closebrowse(SelectManufacturer.java:47)
at exercise.Module2.SelectManufacturer.closebrowse(SelectManufacturer.java:47)
at exercise.Module2.SelectManufacturer.closebrowse(SelectManufacturer.java:47)
at exercise.Module2.SelectManufacturer.closebrowse(SelectManufacturer.java:47)
at exercise.Module2.SelectManufacturer.closebrowse(SelectManufacturer.java:47)
at exercise.Module2.SelectManufacturer.closebrowse(SelectManufacturer.java:47)
at exercise.Module2.SelectManufacturer.closebrowse(SelectManufacturer.java:47)
at exercise.Module2.SelectManufacturer.closebrowse(SelectManufacturer.java:47)
at exercise.Module2.SelectManufacturer.closebrowse(SelectManufacturer.java:47)
at exercise.Module2.SelectManufacturer.closebrowse(SelectManufacturer.java:47)
at exercise.Module2.SelectManufacturer.closebrowse(SelectManufacturer.java:47)
at exercise.Module2.SelectManufacturer.closebrowse(SelectManufacturer.java:47)
at exercise.Module2.SelectManufacturer.closebrowse(SelectManufacturer.java:47)
at exercise.Module2.SelectManufacturer.closebrowse(SelectManufacturer.java:47)
at exercise.Module2.SelectManufacturer.closebrowse(SelectManufacturer.java:47)
at exercise.Module2.SelectManufacturer.closebrowse(SelectManufacturer.java:47)
at exercise.Module2.SelectManufacturer.closebrowse(SelectManufacturer.java:47)
at exercise.Module2.SelectManufacturer.closebrowse(SelectManufacturer.java:47)
at exercise.Module2.SelectManufacturer.closebrowse(SelectManufacturer.java:47)
at exercise.Module2.SelectManufacturer.closebrowse(SelectManufacturer.java:47)
at exercise.Module2.SelectManufacturer.closebrowse(SelectManufacturer.java:47)
at exercise.Module2.SelectManufacturer.closebrowse(SelectManufacturer.java:47)
at exercise.Module2.SelectManufacturer.closebrowse(SelectManufacturer.java:47)
at exercise.Module2.SelectManufacturer.closebrowse(SelectManufacturer.java:47)
at exercise.Module2.SelectManufacturer.closebrowse(SelectManufacturer.java:47)
at exercise.Module2.SelectManufacturer.closebrowse(SelectManufacturer.java:47)
at exercise.Module2.SelectManufacturer.closebrowse(SelectManufacturer.java:47)
at exercise.Module2.SelectManufacturer.closebrowse(SelectManufacturer.java:47)
at exercise.Module2.SelectManufacturer.closebrowse(SelectManufacturer.java:47)
at exercise.Module2.SelectManufacturer.closebrowse(SelectManufacturer.java:47)
at exercise.Module2.SelectManufacturer.closebrowse(SelectManufacturer.java:47)
at exercise.Module2.SelectManufacturer.closebrowse(SelectManufacturer.java:47)
at exercise.Module2.SelectManufacturer.closebrowse(SelectManufacturer.java:47)
at exercise.Module2.SelectManufacturer.closebrowse(SelectManufacturer.java:47)
at exercise.Module2.SelectManufacturer.closebrowse(SelectManufacturer.java:47)
at exercise.Module2.SelectManufacturer.closebrowse(SelectManufacturer.java:47)
at exercise.Module2.SelectManufacturer.closebrowse(SelectManufacturer.java:47)
at exercise.Module2.SelectManufacturer.closebrowse(SelectManufacturer.java:47)
at exercise.Module2.SelectManufacturer.closebrowse(SelectManufacturer.java:47)
at exercise.Module2.SelectManufacturer.closebrowse(SelectManufacturer.java:47)
at exercise.Module2.SelectManufacturer.closebrowse(SelectManufacturer.java:47)
at exercise.Module2.SelectManufacturer.closebrowse(SelectManufacturer.java:47)
at exercise.Module2.SelectManufacturer.closebrowse(SelectManufacturer.java:47)
at exercise.Module2.SelectManufacturer.closebrowse(SelectManufacturer.java:47)
at exercise.Module2.SelectManufacturer.closebrowse(SelectManufacturer.java:47)
at exercise.Module2.SelectManufacturer.closebrowse(SelectManufacturer.java:47)
at exercise.Module2.SelectManufacturer.closebrowse(SelectManufacturer.java:47)
at exercise.Module2.SelectManufacturer.closebrowse(SelectManufacturer.java:47)
at exercise.Module2.SelectManufacturer.closebrowse(SelectManufacturer.java:47)
at exercise.Module2.SelectManufacturer.closebrowse(SelectManufacturer.java:47)
at exercise.Module2.SelectManufacturer.closebrowse(SelectManufacturer.java:47)
at exercise.Module2.SelectManufacturer.closebrowse(SelectManufacturer.java:47)
at exercise.Module2.SelectManufacturer.closebrowse(SelectManufacturer.java:47)
at exercise.Module2.SelectManufacturer.closebrowse(SelectManufacturer.java:47)
at exercise.Module2.SelectManufacturer.closebrowse(SelectManufacturer.java:47)
at exercise.Module2.SelectManufacturer.closebrowse(SelectManufacturer.java:47)
at exercise.Module2.SelectManufacturer.closebrowse(SelectManufacturer.java:47)
at exercise.Module2.SelectManufacturer.closebrowse(SelectManufacturer.java:47)
at exercise.Module2.SelectManufacturer.closebrowse(SelectManufacturer.java:47)
at exercise.Module2.SelectManufacturer.closebrowse(SelectManufacturer.java:47)
at exercise.Module2.SelectManufacturer.closebrowse(SelectManufacturer.java:47)
at exercise.Module2.SelectManufacturer.closebrowse(SelectManufacturer.java:47)
at exercise.Module2.SelectManufacturer.closebrowse(SelectManufacturer.java:47)
at exercise.Module2.SelectManufacturer.closebrowse(SelectManufacturer.java:47)
at exercise.Module2.SelectManufacturer.closebrowse(SelectManufacturer.java:47)
at exercise.Module2.SelectManufacturer.closebrowse(SelectManufacturer.java:47)
at exercise.Module2.SelectManufacturer.closebrowse(SelectManufacturer.java:47)
at exercise.Module2.SelectManufacturer.closebrowse(SelectManufacturer.java:47)
at exercise.Module2.SelectManufacturer.closebrowse(SelectManufacturer.java:47)
at exercise.Module2.SelectManufacturer.closebrowse(SelectManufacturer.java:47)
at exercise.Module2.SelectManufacturer.closebrowse(SelectManufacturer.java:47)
at exercise.Module2.SelectManufacturer.closebrowse(SelectManufacturer.java:47)
at exercise.Module2.SelectManufacturer.closebrowse(SelectManufacturer.java:47)
at exercise.Module2.SelectManufacturer.closebrowse(SelectManufacturer.java:47)
at exercise.Module2.SelectManufacturer.closebrowse(SelectManufacturer.java:47)
at exercise.Module2.SelectManufacturer.closebrowse(SelectManufacturer.java:47)
at exercise.Module2.SelectManufacturer.closebrowse(SelectManufacturer.java:47)
at exercise.Module2.SelectManufacturer.closebrowse(SelectManufacturer.java:47)
at exercise.Module2.SelectManufacturer.closebrowse(SelectManufacturer.java:47)
at exercise.Module2.SelectManufacturer.closebrowse(SelectManufacturer.java:47)
at exercise.Module2.SelectManufacturer.closebrowse(SelectManufacturer.java:47)
at exercise.Module2.SelectManufacturer.closebrowse(SelectManufacturer.java:47)
at exercise.Module2.SelectManufacturer.closebrowse(SelectManufacturer.java:47)
at exercise.Module2.SelectManufacturer.closebrowse(SelectManufacturer.java:47)
at exercise.Module2.SelectManufacturer.closebrowse(SelectManufacturer.java:47)
at exercise.Module2.SelectManufacturer.closebrowse(SelectManufacturer.java:47)
at exercise.Module2.SelectManufacturer.closebrowse(SelectManufacturer.java:47)
at exercise.Module2.SelectManufacturer.closebrowse(SelectManufacturer.java:47)
at exercise.Module2.SelectManufacturer.closebrowse(SelectManufacturer.java:47)
at exercise.Module2.SelectManufacturer.closebrowse(SelectManufacturer.java:47)
at exercise.Module2.SelectManufacturer.closebrowse(SelectManufacturer.java:47)
at exercise.Module2.SelectManufacturer.closebrowse(SelectManufacturer.java:47)
at exercise.Module2.SelectManufacturer.closebrowse(SelectManufacturer.java:47)
at exercise.Module2.SelectManufacturer.closebrowse(SelectManufacturer.java:47)
at exercise.Module2.SelectManufacturer.closebrowse(SelectManufacturer.java:47)
at exercise.Module2.SelectManufacturer.closebrowse(SelectManufacturer.java:47)
at exercise.Module2.SelectManufacturer.closebrowse(SelectManufacturer.java:47)
at exercise.Module2.SelectManufacturer.closebrowse(SelectManufacturer.java:47)
at exercise.Module2.SelectManufacturer.closebrowse(SelectManufacturer.java:47)
at exercise.Module2.SelectManufacturer.closebrowse(SelectManufacturer.java:47)
at exercise.Module2.SelectManufacturer.closebrowse(SelectManufacturer.java:47)
at exercise.Module2.SelectManufacturer.closebrowse(SelectManufacturer.java:47)
at exercise.Module2.SelectManufacturer.closebrowse(SelectManufacturer.java:47)
at exercise.Module2.SelectManufacturer.closebrowse(SelectManufacturer.java:47)
at exercise.Module2.SelectManufacturer.closebrowse(SelectManufacturer.java:47)
at exercise.Module2.SelectManufacturer.closebrowse(SelectManufacturer.java:47)
at exercise.Module2.SelectManufacturer.closebrowse(SelectManufacturer.java:47)
at exercise.Module2.SelectManufacturer.closebrowse(SelectManufacturer.java:47)
at exercise.Module2.SelectManufacturer.closebrowse(SelectManufacturer.java:47)
at exercise.Module2.SelectManufacturer.closebrowse(SelectManufacturer.java:47)
at exercise.Module2.SelectManufacturer.closebrowse(SelectManufacturer.java:47)
at exercise.Module2.SelectManufacturer.closebrowse(SelectManufacturer.java:47)
at exercise.Module2.SelectManufacturer.closebrowse(SelectManufacturer.java:47)
at exercise.Module2.SelectManufacturer.closebrowse(SelectManufacturer.java:47)
at exercise.Module2.SelectManufacturer.closebrowse(SelectManufacturer.java:47)
at exercise.Module2.SelectManufacturer.closebrowse(SelectManufacturer.java:47)
at exercise.Module2.SelectManufacturer.closebrowse(SelectManufacturer.java:47)
at exercise.Module2.SelectManufacturer.closebrowse(SelectManufacturer.java:47)
at exercise.Module2.SelectManufacturer.closebrowse(SelectManufacturer.java:47)
at exercise.Module2.SelectManufacturer.closebrowse(SelectManufacturer.java:47)
at exercise.Module2.SelectManufacturer.closebrowse(SelectManufacturer.java:47)
at exercise.Module2.SelectManufacturer.closebrowse(SelectManufacturer.java:47)
at exercise.Module2.SelectManufacturer.closebrowse(SelectManufacturer.java:47)
at exercise.Module2.SelectManufacturer.closebrowse(SelectManufacturer.java:47)
at exercise.Module2.SelectManufacturer.closebrowse(SelectManufacturer.java:47)
at exercise.Module2.SelectManufacturer.closebrowse(SelectManufacturer.java:47)
at exercise.Module2.SelectManufacturer.closebrowse(SelectManufacturer.java:47)
at exercise.Module2.SelectManufacturer.closebrowse(SelectManufacturer.java:47)
at exercise.Module2.SelectManufacturer.closebrowse(SelectManufacturer.java:47)
at exercise.Module2.SelectManufacturer.closebrowse(SelectManufacturer.java:47)
at exercise.Module2.SelectManufacturer.closebrowse(SelectManufacturer.java:47)
at exercise.Module2.SelectManufacturer.closebrowse(SelectManufacturer.java:47)
at exercise.Module2.SelectManufacturer.closebrowse(SelectManufacturer.java:47)
at exercise.Module2.SelectManufacturer.closebrowse(SelectManufacturer.java:47)
at exercise.Module2.SelectManufacturer.closebrowse(SelectManufacturer.java:47)
at exercise.Module2.SelectManufacturer.closebrowse(SelectManufacturer.java:47)
at exercise.Module2.SelectManufacturer.closebrowse(SelectManufacturer.java:47)
at exercise.Module2.SelectManufacturer.closebrowse(SelectManufacturer.java:47)
at exercise.Module2.SelectManufacturer.closebrowse(SelectManufacturer.java:47)
at exercise.Module2.SelectManufacturer.closebrowse(SelectManufacturer.java:47)
at exercise.Module2.SelectManufacturer.closebrowse(SelectManufacturer.java:47)
at exercise.Module2.SelectManufacturer.closebrowse(SelectManufacturer.java:47)
at exercise.Module2.SelectManufacturer.closebrowse(SelectManufacturer.java:47)
at exercise.Module2.SelectManufacturer.closebrowse(SelectManufacturer.java:47)
at exercise.Module2.SelectManufacturer.closebrowse(SelectManufacturer.java:47)
at exercise.Module2.SelectManufacturer.closebrowse(SelectManufacturer.java:47)
at exercise.Module2.SelectManufacturer.closebrowse(SelectManufacturer.java:47)
at exercise.Module2.SelectManufacturer.closebrowse(SelectManufacturer.java:47)
at exercise.Module2.SelectManufacturer.closebrowse(SelectManufacturer.java:47)
at exercise.Module2.SelectManufacturer.closebrowse(SelectManufacturer.java:47)
at exercise.Module2.SelectManufacturer.closebrowse(SelectManufacturer.java:47)
at exercise.Module2.SelectManufacturer.closebrowse(SelectManufacturer.java:47)
at exercise.Module2.SelectManufacturer.closebrowse(SelectManufacturer.java:47)
at exercise.Module2.SelectManufacturer.closebrowse(SelectManufacturer.java:47)
at exercise.Module2.SelectManufacturer.closebrowse(SelectManufacturer.java:47)
at exercise.Module2.SelectManufacturer.closebrowse(SelectManufacturer.java:47)
at exercise.Module2.SelectManufacturer.closebrowse(SelectManufacturer.java:47)
at exercise.Module2.SelectManufacturer.closebrowse(SelectManufacturer.java:47)
at exercise.Module2.SelectManufacturer.closebrowse(SelectManufacturer.java:47)
at exercise.Module2.SelectManufacturer.closebrowse(SelectManufacturer.java:47)
at exercise.Module2.SelectManufacturer.closebrowse(SelectManufacturer.java:47)
at exercise.Module2.SelectManufacturer.closebrowse(SelectManufacturer.java:47)
at exercise.Module2.SelectManufacturer.closebrowse(SelectManufacturer.java:47)
at exercise.Module2.SelectManufacturer.closebrowse(SelectManufacturer.java:47)
at exercise.Module2.SelectManufacturer.closebrowse(SelectManufacturer.java:47)
at exercise.Module2.SelectManufacturer.closebrowse(SelectManufacturer.java:47)
at exercise.Module2.SelectManufacturer.closebrowse(SelectManufacturer.java:47)
at exercise.Module2.SelectManufacturer.closebrowse(SelectManufacturer.java:47)
at exercise.Module2.SelectManufacturer.closebrowse(SelectManufacturer.java:47)
at exercise.Module2.SelectManufacturer.closebrowse(SelectManufacturer.java:47)
at exercise.Module2.SelectManufacturer.closebrowse(SelectManufacturer.java:47)
at exercise.Module2.SelectManufacturer.closebrowse(SelectManufacturer.java:47)
at exercise.Module2.SelectManufacturer.closebrowse(SelectManufacturer.java:47)
at exercise.Module2.SelectManufacturer.closebrowse(SelectManufacturer.java:47)
at exercise.Module2.SelectManufacturer.closebrowse(SelectManufacturer.java:47)
at exercise.Module2.SelectManufacturer.closebrowse(SelectManufacturer.java:47)
at exercise.Module2.SelectManufacturer.closebrowse(SelectManufacturer.java:47)
at exercise.Module2.SelectManufacturer.closebrowse(SelectManufacturer.java:47)
at exercise.Module2.SelectManufacturer.closebrowse(SelectManufacturer.java:47)
at exercise.Module2.SelectManufacturer.closebrowse(SelectManufacturer.java:47)
at exercise.Module2.SelectManufacturer.closebrowse(SelectManufacturer.java:47)
at exercise.Module2.SelectManufacturer.closebrowse(SelectManufacturer.java:47)
at exercise.Module2.SelectManufacturer.closebrowse(SelectManufacturer.java:47)
at exercise.Module2.SelectManufacturer.closebrowse(SelectManufacturer.java:47)
at exercise.Module2.SelectManufacturer.closebrowse(SelectManufacturer.java:47)
at exercise.Module2.SelectManufacturer.closebrowse(SelectManufacturer.java:47)
at exercise.Module2.SelectManufacturer.closebrowse(SelectManufacturer.java:47)
at exercise.Module2.SelectManufacturer.closebrowse(SelectManufacturer.java:47)
at exercise.Module2.SelectManufacturer.closebrowse(SelectManufacturer.java:47)
at exercise.Module2.SelectManufacturer.closebrowse(SelectManufacturer.java:47)
at exercise.Module2.SelectManufacturer.closebrowse(SelectManufacturer.java:47)
at exercise.Module2.SelectManufacturer.closebrowse(SelectManufacturer.java:47)
at exercise.Module2.SelectManufacturer.closebrowse(SelectManufacturer.java:47)
at exercise.Module2.SelectManufacturer.closebrowse(SelectManufacturer.java:47)
at exercise.Module2.SelectManufacturer.closebrowse(SelectManufacturer.java:47)
at exercise.Module2.SelectManufacturer.closebrowse(SelectManufacturer.java:47)
at exercise.Module2.SelectManufacturer.closebrowse(SelectManufacturer.java:47)
at exercise.Module2.SelectManufacturer.closebrowse(SelectManufacturer.java:47)
at exercise.Module2.SelectManufacturer.closebrowse(SelectManufacturer.java:47)
at exercise.Module2.SelectManufacturer.closebrowse(SelectManufacturer.java:47)
at exercise.Module2.SelectManufacturer.closebrowse(SelectManufacturer.java:47)
at exercise.Module2.SelectManufacturer.closebrowse(SelectManufacturer.java:47)
at exercise.Module2.SelectManufacturer.closebrowse(SelectManufacturer.java:47)
at exercise.Module2.SelectManufacturer.closebrowse(SelectManufacturer.java:47)
at exercise.Module2.SelectManufacturer.closebrowse(SelectManufacturer.java:47)
at exercise.Module2.SelectManufacturer.closebrowse(SelectManufacturer.java:47)
at exercise.Module2.SelectManufacturer.closebrowse(SelectManufacturer.java:47)
at exercise.Module2.SelectManufacturer.closebrowse(SelectManufacturer.java:47)
at exercise.Module2.SelectManufacturer.closebrowse(SelectManufacturer.java:47)
at exercise.Module2.SelectManufacturer.closebrowse(SelectManufacturer.java:47)
at exercise.Module2.SelectManufacturer.closebrowse(SelectManufacturer.java:47)
at exercise.Module2.SelectManufacturer.closebrowse(SelectManufacturer.java:47)
at exercise.Module2.SelectManufacturer.closebrowse(SelectManufacturer.java:47)
at exercise.Module2.SelectManufacturer.closebrowse(SelectManufacturer.java:47)
at exercise.Module2.SelectManufacturer.closebrowse(SelectManufacturer.java:47)
at exercise.Module2.SelectManufacturer.closebrowse(SelectManufacturer.java:47)
at exercise.Module2.SelectManufacturer.closebrowse(SelectManufacturer.java:47)
at exercise.Module2.SelectManufacturer.closebrowse(SelectManufacturer.java:47)
at exercise.Module2.SelectManufacturer.closebrowse(SelectManufacturer.java:47)
at exercise.Module2.SelectManufacturer.closebrowse(SelectManufacturer.java:47)
at exercise.Module2.SelectManufacturer.closebrowse(SelectManufacturer.java:47)
at exercise.Module2.SelectManufacturer.closebrowse(SelectManufacturer.java:47)
at exercise.Module2.SelectManufacturer.closebrowse(SelectManufacturer.java:47)
at exercise.Module2.SelectManufacturer.closebrowse(SelectManufacturer.java:47)
at exercise.Module2.SelectManufacturer.closebrowse(SelectManufacturer.java:47)
at exercise.Module2.SelectManufacturer.closebrowse(SelectManufacturer.java:47)
at exercise.Module2.SelectManufacturer.closebrowse(SelectManufacturer.java:47)
at exercise.Module2.SelectManufacturer.closebrowse(SelectManufacturer.java:47)
at exercise.Module2.SelectManufacturer.closebrowse(SelectManufacturer.java:47)
at exercise.Module2.SelectManufacturer.closebrowse(SelectManufacturer.java:47)
at exercise.Module2.SelectManufacturer.closebrowse(SelectManufacturer.java:47)
at exercise.Module2.SelectManufacturer.closebrowse(SelectManufacturer.java:47)
at exercise.Module2.SelectManufacturer.closebrowse(SelectManufacturer.java:47)
at exercise.Module2.SelectManufacturer.closebrowse(SelectManufacturer.java:47)
at exercise.Module2.SelectManufacturer.closebrowse(SelectManufacturer.java:47)
at exercise.Module2.SelectManufacturer.closebrowse(SelectManufacturer.java:47)
at exercise.Module2.SelectManufacturer.closebrowse(SelectManufacturer.java:47)
at exercise.Module2.SelectManufacturer.closebrowse(SelectManufacturer.java:47)
at exercise.Module2.SelectManufacturer.closebrowse(SelectManufacturer.java:47)
at exercise.Module2.SelectManufacturer.closebrowse(SelectManufacturer.java:47)
at exercise.Module2.SelectManufacturer.closebrowse(SelectManufacturer.java:47)
at exercise.Module2.SelectManufacturer.closebrowse(SelectManufacturer.java:47)
at exercise.Module2.SelectManufacturer.closebrowse(SelectManufacturer.java:47)
at exercise.Module2.SelectManufacturer.closebrowse(SelectManufacturer.java:47)
at exercise.Module2.SelectManufacturer.closebrowse(SelectManufacturer.java:47)
at exercise.Module2.SelectManufacturer.closebrowse(SelectManufacturer.java:47)
at exercise.Module2.SelectManufacturer.closebrowse(SelectManufacturer.java:47)
at exercise.Module2.SelectManufacturer.closebrowse(SelectManufacturer.java:47)
at exercise.Module2.SelectManufacturer.closebrowse(SelectManufacturer.java:47)
at exercise.Module2.SelectManufacturer.closebrowse(SelectManufacturer.java:47)
at exercise.Module2.SelectManufacturer.closebrowse(SelectManufacturer.java:47)
at exercise.Module2.SelectManufacturer.closebrowse(SelectManufacturer.java:47)
at exercise.Module2.SelectManufacturer.closebrowse(SelectManufacturer.java:47)
at exercise.Module2.SelectManufacturer.closebrowse(SelectManufacturer.java:47)
at exercise.Module2.SelectManufacturer.closebrowse(SelectManufacturer.java:47)
at exercise.Module2.SelectManufacturer.closebrowse(SelectManufacturer.java:47)
at exercise.Module2.SelectManufacturer.closebrowse(SelectManufacturer.java:47)
at exercise.Module2.SelectManufacturer.closebrowse(SelectManufacturer.java:47)
at exercise.Module2.SelectManufacturer.closebrowse(SelectManufacturer.java:47)
at exercise.Module2.SelectManufacturer.closebrowse(SelectManufacturer.java:47)
at exercise.Module2.SelectManufacturer.closebrowse(SelectManufacturer.java:47)
at exercise.Module2.SelectManufacturer.closebrowse(SelectManufacturer.java:47)
at exercise.Module2.SelectManufacturer.closebrowse(SelectManufacturer.java:47)
at exercise.Module2.SelectManufacturer.closebrowse(SelectManufacturer.java:47)
at exercise.Module2.SelectManufacturer.closebrowse(SelectManufacturer.java:47)
at exercise.Module2.SelectManufacturer.closebrowse(SelectManufacturer.java:47)
at exercise.Module2.SelectManufacturer.closebrowse(SelectManufacturer.java:47)
at exercise.Module2.SelectManufacturer.closebrowse(SelectManufacturer.java:47)
at exercise.Module2.SelectManufacturer.closebrowse(SelectManufacturer.java:47)
at exercise.Module2.SelectManufacturer.closebrowse(SelectManufacturer.java:47)
at exercise.Module2.SelectManufacturer.closebrowse(SelectManufacturer.java:47)
at exercise.Module2.SelectManufacturer.closebrowse(SelectManufacturer.java:47)
at exercise.Module2.SelectManufacturer.closebrowse(SelectManufacturer.java:47)
at exercise.Module2.SelectManufacturer.closebrowse(SelectManufacturer.java:47)
at exercise.Module2.SelectManufacturer.closebrowse(SelectManufacturer.java:47)
at exercise.Module2.SelectManufacturer.closebrowse(SelectManufacturer.java:47)
at exercise.Module2.SelectManufacturer.closebrowse(SelectManufacturer.java:47)
at exercise.Module2.SelectManufacturer.closebrowse(SelectManufacturer.java:47)
at exercise.Module2.SelectManufacturer.closebrowse(SelectManufacturer.java:47)
at exercise.Module2.SelectManufacturer.closebrowse(SelectManufacturer.java:47)
at exercise.Module2.SelectManufacturer.closebrowse(SelectManufacturer.java:47)
at exercise.Module2.SelectManufacturer.closebrowse(SelectManufacturer.java:47)
at exercise.Module2.SelectManufacturer.closebrowse(SelectManufacturer.java:47)
at exercise.Module2.SelectManufacturer.closebrowse(SelectManufacturer.java:47)
at exercise.Module2.SelectManufacturer.closebrowse(SelectManufacturer.java:47)
at exercise.Module2.SelectManufacturer.closebrowse(SelectManufacturer.java:47)
at exercise.Module2.SelectManufacturer.closebrowse(SelectManufacturer.java:47)
at exercise.Module2.SelectManufacturer.closebrowse(SelectManufacturer.java:47)
at exercise.Module2.SelectManufacturer.closebrowse(SelectManufacturer.java:47)
at exercise.Module2.SelectManufacturer.closebrowse(SelectManufacturer.java:47)
at exercise.Module2.SelectManufacturer.closebrowse(SelectManufacturer.java:47)
at exercise.Module2.SelectManufacturer.closebrowse(SelectManufacturer.java:47)
at exercise.Module2.SelectManufacturer.closebrowse(SelectManufacturer.java:47)
at exercise.Module2.SelectManufacturer.closebrowse(SelectManufacturer.java:47)
at exercise.Module2.SelectManufacturer.closebrowse(SelectManufacturer.java:47)
at exercise.Module2.SelectManufacturer.closebrowse(SelectManufacturer.java:47)
at exercise.Module2.SelectManufacturer.closebrowse(SelectManufacturer.java:47)
at exercise.Module2.SelectManufacturer.closebrowse(SelectManufacturer.java:47)
at exercise.Module2.SelectManufacturer.closebrowse(SelectManufacturer.java:47)
at exercise.Module2.SelectManufacturer.closebrowse(SelectManufacturer.java:47)
at exercise.Module2.SelectManufacturer.closebrowse(SelectManufacturer.java:47)
at exercise.Module2.SelectManufacturer.closebrowse(SelectManufacturer.java:47)
at exercise.Module2.SelectManufacturer.closebrowse(SelectManufacturer.java:47)
at exercise.Module2.SelectManufacturer.closebrowse(SelectManufacturer.java:47)
at exercise.Module2.SelectManufacturer.closebrowse(SelectManufacturer.java:47)
at exercise.Module2.SelectManufacturer.closebrowse(SelectManufacturer.java:47)
at exercise.Module2.SelectManufacturer.closebrowse(SelectManufacturer.java:47)
at exercise.Module2.SelectManufacturer.closebrowse(SelectManufacturer.java:47)
at exercise.Module2.SelectManufacturer.closebrowse(SelectManufacturer.java:47)
at exercise.Module2.SelectManufacturer.closebrowse(SelectManufacturer.java:47)
at exercise.Module2.SelectManufacturer.closebrowse(SelectManufacturer.java:47)
at exercise.Module2.SelectManufacturer.closebrowse(SelectManufacturer.java:47)
at exercise.Module2.SelectManufacturer.closebrowse(SelectManufacturer.java:47)
at exercise.Module2.SelectManufacturer.closebrowse(SelectManufacturer.java:47)
at exercise.Module2.SelectManufacturer.closebrowse(SelectManufacturer.java:47)
at exercise.Module2.SelectManufacturer.closebrowse(SelectManufacturer.java:47)
at exercise.Module2.SelectManufacturer.closebrowse(SelectManufacturer.java:47)
at exercise.Module2.SelectManufacturer.closebrowse(SelectManufacturer.java:47)
at exercise.Module2.SelectManufacturer.closebrowse(SelectManufacturer.java:47)
at exercise.Module2.SelectManufacturer.closebrowse(SelectManufacturer.java:47)
at exercise.Module2.SelectManufacturer.closebrowse(SelectManufacturer.java:47)
at exercise.Module2.SelectManufacturer.closebrowse(SelectManufacturer.java:47)
at exercise.Module2.SelectManufacturer.closebrowse(SelectManufacturer.java:47)
at exercise.Module2.SelectManufacturer.closebrowse(SelectManufacturer.java:47)
at exercise.Module2.SelectManufacturer.closebrowse(SelectManufacturer.java:47)
at exercise.Module2.SelectManufacturer.closebrowse(SelectManufacturer.java:47)
at exercise.Module2.SelectManufacturer.closebrowse(SelectManufacturer.java:47)
at exercise.Module2.SelectManufacturer.closebrowse(SelectManufacturer.java:47)
at exercise.Module2.SelectManufacturer.closebrowse(SelectManufacturer.java:47)
at exercise.Module2.SelectManufacturer.closebrowse(SelectManufacturer.java:47)
at exercise.Module2.SelectManufacturer.closebrowse(SelectManufacturer.java:47)
at exercise.Module2.SelectManufacturer.closebrowse(SelectManufacturer.java:47)
at exercise.Module2.SelectManufacturer.closebrowse(SelectManufacturer.java:47)
at exercise.Module2.SelectManufacturer.closebrowse(SelectManufacturer.java:47)
at exercise.Module2.SelectManufacturer.closebrowse(SelectManufacturer.java:47)
at exercise.Module2.SelectManufacturer.closebrowse(SelectManufacturer.java:47)
at exercise.Module2.SelectManufacturer.closebrowse(SelectManufacturer.java:47)
at exercise.Module2.SelectManufacturer.closebrowse(SelectManufacturer.java:47)
at exercise.Module2.SelectManufacturer.closebrowse(SelectManufacturer.java:47)
at exercise.Module2.SelectManufacturer.closebrowse(SelectManufacturer.java:47)
at exercise.Module2.SelectManufacturer.closebrowse(SelectManufacturer.java:47)
at exercise.Module2.SelectManufacturer.closebrowse(SelectManufacturer.java:47)
at exercise.Module2.SelectManufacturer.closebrowse(SelectManufacturer.java:47)
at exercise.Module2.SelectManufacturer.closebrowse(SelectManufacturer.java:47)
at exercise.Module2.SelectManufacturer.closebrowse(SelectManufacturer.java:47)
at exercise.Module2.SelectManufacturer.closebrowse(SelectManufacturer.java:47)
at exercise.Module2.SelectManufacturer.closebrowse(SelectManufacturer.java:47)
at exercise.Module2.SelectManufacturer.closebrowse(SelectManufacturer.java:47)
at exercise.Module2.SelectManufacturer.closebrowse(SelectManufacturer.java:47)
at exercise.Module2.SelectManufacturer.closebrowse(SelectManufacturer.java:47)
at exercise.Module2.SelectManufacturer.closebrowse(SelectManufacturer.java:47)
at exercise.Module2.SelectManufacturer.closebrowse(SelectManufacturer.java:47)
at exercise.Module2.SelectManufacturer.closebrowse(SelectManufacturer.java:47)
at exercise.Module2.SelectManufacturer.closebrowse(SelectManufacturer.java:47)
at exercise.Module2.SelectManufacturer.closebrowse(SelectManufacturer.java:47)
at exercise.Module2.SelectManufacturer.closebrowse(SelectManufacturer.java:47)
at exercise.Module2.SelectManufacturer.closebrowse(SelectManufacturer.java:47)
at exercise.Module2.SelectManufacturer.closebrowse(SelectManufacturer.java:47)
at exercise.Module2.SelectManufacturer.closebrowse(SelectManufacturer.java:47)
at exercise.Module2.SelectManufacturer.closebrowse(SelectManufacturer.java:47)
at exercise.Module2.SelectManufacturer.closebrowse(SelectManufacturer.java:47)
at exercise.Module2.SelectManufacturer.closebrowse(SelectManufacturer.java:47)
at exercise.Module2.SelectManufacturer.closebrowse(SelectManufacturer.java:47)
at exercise.Module2.SelectManufacturer.closebrowse(SelectManufacturer.java:47)
at exercise.Module2.SelectManufacturer.closebrowse(SelectManufacturer.java:47)
at exercise.Module2.SelectManufacturer.closebrowse(SelectManufacturer.java:47)
at exercise.Module2.SelectManufacturer.closebrowse(SelectManufacturer.java:47)
at exercise.Module2.SelectManufacturer.closebrowse(SelectManufacturer.java:47)
at exercise.Module2.SelectManufacturer.closebrowse(SelectManufacturer.java:47)
at exercise.Module2.SelectManufacturer.closebrowse(SelectManufacturer.java:47)
at exercise.Module2.SelectManufacturer.closebrowse(SelectManufacturer.java:47)
at exercise.Module2.SelectManufacturer.closebrowse(SelectManufacturer.java:47)
at exercise.Module2.SelectManufacturer.closebrowse(SelectManufacturer.java:47)
at exercise.Module2.SelectManufacturer.closebrowse(SelectManufacturer.java:47)
at exercise.Module2.SelectManufacturer.closebrowse(SelectManufacturer.java:47)
at exercise.Module2.SelectManufacturer.closebrowse(SelectManufacturer.java:47)
at exercise.Module2.SelectManufacturer.closebrowse(SelectManufacturer.java:47)
at exercise.Module2.SelectManufacturer.closebrowse(SelectManufacturer.java:47)
at exercise.Module2.SelectManufacturer.closebrowse(SelectManufacturer.java:47)
at exercise.Module2.SelectManufacturer.closebrowse(SelectManufacturer.java:47)
at exercise.Module2.SelectManufacturer.closebrowse(SelectManufacturer.java:47)
at exercise.Module2.SelectManufacturer.closebrowse(SelectManufacturer.java:47)
at exercise.Module2.SelectManufacturer.closebrowse(SelectManufacturer.java:47)
at exercise.Module2.SelectManufacturer.closebrowse(SelectManufacturer.java:47)
at exercise.Module2.SelectManufacturer.closebrowse(SelectManufacturer.java:47)
at exercise.Module2.SelectManufacturer.closebrowse(SelectManufacturer.java:47)
at exercise.Module2.SelectManufacturer.closebrowse(SelectManufacturer.java:47)
at exercise.Module2.SelectManufacturer.closebrowse(SelectManufacturer.java:47)
at exercise.Module2.SelectManufacturer.closebrowse(SelectManufacturer.java:47)
at exercise.Module2.SelectManufacturer.closebrowse(SelectManufacturer.java:47)
at exercise.Module2.SelectManufacturer.closebrowse(SelectManufacturer.java:47)
at exercise.Module2.SelectManufacturer.closebrowse(SelectManufacturer.java:47)
at exercise.Module2.SelectManufacturer.closebrowse(SelectManufacturer.java:47)
at exercise.Module2.SelectManufacturer.closebrowse(SelectManufacturer.java:47)
at exercise.Module2.SelectManufacturer.closebrowse(SelectManufacturer.java:47)
at exercise.Module2.SelectManufacturer.closebrowse(SelectManufacturer.java:47)
at exercise.Module2.SelectManufacturer.closebrowse(SelectManufacturer.java:47)
at exercise.Module2.SelectManufacturer.closebrowse(SelectManufacturer.java:47)
at exercise.Module2.SelectManufacturer.closebrowse(SelectManufacturer.java:47)
at exercise.Module2.SelectManufacturer.closebrowse(SelectManufacturer.java:47)
at exercise.Module2.SelectManufacturer.closebrowse(SelectManufacturer.java:47)
at exercise.Module2.SelectManufacturer.closebrowse(SelectManufacturer.java:47)
at exercise.Module2.SelectManufacturer.closebrowse(SelectManufacturer.java:47)
at exercise.Module2.SelectManufacturer.closebrowse(SelectManufacturer.java:47)
at exercise.Module2.SelectManufacturer.closebrowse(SelectManufacturer.java:47)
at exercise.Module2.SelectManufacturer.closebrowse(SelectManufacturer.java:47)
at exercise.Module2.SelectManufacturer.closebrowse(SelectManufacturer.java:47)
at exercise.Module2.SelectManufacturer.closebrowse(SelectManufacturer.java:47)
at exercise.Module2.SelectManufacturer.closebrowse(SelectManufacturer.java:47)
at exercise.Module2.SelectManufacturer.closebrowse(SelectManufacturer.java:47)
at exercise.Module2.SelectManufacturer.closebrowse(SelectManufacturer.java:47)
at exercise.Module2.SelectManufacturer.closebrowse(SelectManufacturer.java:47)
at exercise.Module2.SelectManufacturer.closebrowse(SelectManufacturer.java:47)
at exercise.Module2.SelectManufacturer.closebrowse(SelectManufacturer.java:47)
at exercise.Module2.SelectManufacturer.closebrowse(SelectManufacturer.java:47)
at exercise.Module2.SelectManufacturer.closebrowse(SelectManufacturer.java:47)
at exercise.Module2.SelectManufacturer.closebrowse(SelectManufacturer.java:47)
at exercise.Module2.SelectManufacturer.closebrowse(SelectManufacturer.java:47)
at exercise.Module2.SelectManufacturer.closebrowse(SelectManufacturer.java:47)
at exercise.Module2.SelectManufacturer.closebrowse(SelectManufacturer.java:47)
at exercise.Module2.SelectManufacturer.closebrowse(SelectManufacturer.java:47)
at exercise.Module2.SelectManufacturer.closebrowse(SelectManufacturer.java:47)
at exercise.Module2.SelectManufacturer.closebrowse(SelectManufacturer.java:47)
at exercise.Module2.SelectManufacturer.closebrowse(SelectManufacturer.java:47)
at exercise.Module2.SelectManufacturer.closebrowse(SelectManufacturer.java:47)
at exercise.Module2.SelectManufacturer.closebrowse(SelectManufacturer.java:47)
at exercise.Module2.SelectManufacturer.closebrowse(SelectManufacturer.java:47)
at exercise.Module2.SelectManufacturer.closebrowse(SelectManufacturer.java:47)
at exercise.Module2.SelectManufacturer.closebrowse(SelectManufacturer.java:47)
at exercise.Module2.SelectManufacturer.closebrowse(SelectManufacturer.java:47)
at exercise.Module2.SelectManufacturer.closebrowse(SelectManufacturer.java:47)
at exercise.Module2.SelectManufacturer.closebrowse(SelectManufacturer.java:47)
at exercise.Module2.SelectManufacturer.closebrowse(SelectManufacturer.java:47)
at exercise.Module2.SelectManufacturer.closebrowse(SelectManufacturer.java:47)
at exercise.Module2.SelectManufacturer.closebrowse(SelectManufacturer.java:47)
at exercise.Module2.SelectManufacturer.closebrowse(SelectManufacturer.java:47)
at exercise.Module2.SelectManufacturer.closebrowse(SelectManufacturer.java:47)
at exercise.Module2.SelectManufacturer.closebrowse(SelectManufacturer.java:47)
at exercise.Module2.SelectManufacturer.closebrowse(SelectManufacturer.java:47)
at exercise.Module2.SelectManufacturer.closebrowse(SelectManufacturer.java:47)
at exercise.Module2.SelectManufacturer.closebrowse(SelectManufacturer.java:47)
at exercise.Module2.SelectManufacturer.closebrowse(SelectManufacturer.java:47)
at exercise.Module2.SelectManufacturer.closebrowse(SelectManufacturer.java:47)
at exercise.Module2.SelectManufacturer.closebrowse(SelectManufacturer.java:47)
at exercise.Module2.SelectManufacturer.closebrowse(SelectManufacturer.java:47)
at exercise.Module2.SelectManufacturer.closebrowse(SelectManufacturer.java:47)
at exercise.Module2.SelectManufacturer.closebrowse(SelectManufacturer.java:47)
at exercise.Module2.SelectManufacturer.closebrowse(SelectManufacturer.java:47)
at exercise.Module2.SelectManufacturer.closebrowse(SelectManufacturer.java:47)
at exercise.Module2.SelectManufacturer.closebrowse(SelectManufacturer.java:47)
at exercise.Module2.SelectManufacturer.closebrowse(SelectManufacturer.java:47)
at exercise.Module2.SelectManufacturer.closebrowse(SelectManufacturer.java:47)
at exercise.Module2.SelectManufacturer.closebrowse(SelectManufacturer.java:47)
at exercise.Module2.SelectManufacturer.closebrowse(SelectManufacturer.java:47)
at exercise.Module2.SelectManufacturer.closebrowse(SelectManufacturer.java:47)
at exercise.Module2.SelectManufacturer.closebrowse(SelectManufacturer.java:47)
at exercise.Module2.SelectManufacturer.closebrowse(SelectManufacturer.java:47)
at exercise.Module2.SelectManufacturer.closebrowse(SelectManufacturer.java:47)
at exercise.Module2.SelectManufacturer.closebrowse(SelectManufacturer.java:47)
at exercise.Module2.SelectManufacturer.closebrowse(SelectManufacturer.java:47)
at exercise.Module2.SelectManufacturer.closebrowse(SelectManufacturer.java:47)
at exercise.Module2.SelectManufacturer.closebrowse(SelectManufacturer.java:47)
at exercise.Module2.SelectManufacturer.closebrowse(SelectManufacturer.java:47)
at exercise.Module2.SelectManufacturer.closebrowse(SelectManufacturer.java:47)
at exercise.Module2.SelectManufacturer.closebrowse(SelectManufacturer.java:47)
at exercise.Module2.SelectManufacturer.closebrowse(SelectManufacturer.java:47)
at exercise.Module2.SelectManufacturer.closebrowse(SelectManufacturer.java:47)
at exercise.Module2.SelectManufacturer.closebrowse(SelectManufacturer.java:47)
at exercise.Module2.SelectManufacturer.closebrowse(SelectManufacturer.java:47)
at exercise.Module2.SelectManufacturer.closebrowse(SelectManufacturer.java:47)
at exercise.Module2.SelectManufacturer.closebrowse(SelectManufacturer.java:47)
at exercise.Module2.SelectManufacturer.closebrowse(SelectManufacturer.java:47)
at exercise.Module2.SelectManufacturer.closebrowse(SelectManufacturer.java:47)
at exercise.Module2.SelectManufacturer.closebrowse(SelectManufacturer.java:47)
at exercise.Module2.SelectManufacturer.closebrowse(SelectManufacturer.java:47)
at exercise.Module2.SelectManufacturer.closebrowse(SelectManufacturer.java:47)
at exercise.Module2.SelectManufacturer.closebrowse(SelectManufacturer.java:47)
at exercise.Module2.SelectManufacturer.closebrowse(SelectManufacturer.java:47)
at exercise.Module2.SelectManufacturer.closebrowse(SelectManufacturer.java:47)
at exercise.Module2.SelectManufacturer.closebrowse(SelectManufacturer.java:47)
at exercise.Module2.SelectManufacturer.closebrowse(SelectManufacturer.java:47)
at exercise.Module2.SelectManufacturer.closebrowse(SelectManufacturer.java:47)
at exercise.Module2.SelectManufacturer.closebrowse(SelectManufacturer.java:47)
at exercise.Module2.SelectManufacturer.closebrowse(SelectManufacturer.java:47)
at exercise.Module2.SelectManufacturer.closebrowse(SelectManufacturer.java:47)
at exercise.Module2.SelectManufacturer.closebrowse(SelectManufacturer.java:47)
at exercise.Module2.SelectManufacturer.closebrowse(SelectManufacturer.java:47)
at exercise.Module2.SelectManufacturer.closebrowse(SelectManufacturer.java:47)
at exercise.Module2.SelectManufacturer.closebrowse(SelectManufacturer.java:47)
at exercise.Module2.SelectManufacturer.closebrowse(SelectManufacturer.java:47)
at exercise.Module2.SelectManufacturer.closebrowse(SelectManufacturer.java:47)
at exercise.Module2.SelectManufacturer.closebrowse(SelectManufacturer.java:47)
at exercise.Module2.SelectManufacturer.closebrowse(SelectManufacturer.java:47)
at exercise.Module2.SelectManufacturer.closebrowse(SelectManufacturer.java:47)
at exercise.Module2.SelectManufacturer.closebrowse(SelectManufacturer.java:47)
at exercise.Module2.SelectManufacturer.closebrowse(SelectManufacturer.java:47)
at exercise.Module2.SelectManufacturer.closebrowse(SelectManufacturer.java:47)
at exercise.Module2.SelectManufacturer.closebrowse(SelectManufacturer.java:47)
at exercise.Module2.SelectManufacturer.closebrowse(SelectManufacturer.java:47)
at exercise.Module2.SelectManufacturer.closebrowse(SelectManufacturer.java:47)
at exercise.Module2.SelectManufacturer.closebrowse(SelectManufacturer.java:47)
at exercise.Module2.SelectManufacturer.closebrowse(SelectManufacturer.java:47)
at exercise.Module2.SelectManufacturer.closebrowse(SelectManufacturer.java:47)
at exercise.Module2.SelectManufacturer.closebrowse(SelectManufacturer.java:47)
at exercise.Module2.SelectManufacturer.closebrowse(SelectManufacturer.java:47)
at exercise.Module2.SelectManufacturer.closebrowse(SelectManufacturer.java:47)
at exercise.Module2.SelectManufacturer.closebrowse(SelectManufacturer.java:47)
at exercise.Module2.SelectManufacturer.closebrowse(SelectManufacturer.java:47)
at exercise.Module2.SelectManufacturer.closebrowse(SelectManufacturer.java:47)
at exercise.Module2.SelectManufacturer.closebrowse(SelectManufacturer.java:47)
at exercise.Module2.SelectManufacturer.closebrowse(SelectManufacturer.java:47)
at exercise.Module2.SelectManufacturer.closebrowse(SelectManufacturer.java:47)
at exercise.Module2.SelectManufacturer.closebrowse(SelectManufacturer.java:47)
at exercise.Module2.SelectManufacturer.closebrowse(SelectManufacturer.java:47)
at exercise.Module2.SelectManufacturer.closebrowse(SelectManufacturer.java:47)
at exercise.Module2.SelectManufacturer.closebrowse(SelectManufacturer.java:47)
at exercise.Module2.SelectManufacturer.closebrowse(SelectManufacturer.java:47)
at exercise.Module2.SelectManufacturer.closebrowse(SelectManufacturer.java:47)
at exercise.Module2.SelectManufacturer.closebrowse(SelectManufacturer.java:47)
at exercise.Module2.SelectManufacturer.closebrowse(SelectManufacturer.java:47)
at exercise.Module2.SelectManufacturer.closebrowse(SelectManufacturer.java:47)
at exercise.Module2.SelectManufacturer.closebrowse(SelectManufacturer.java:47)
at exercise.Module2.SelectManufacturer.closebrowse(SelectManufacturer.java:47)
at exercise.Module2.SelectManufacturer.closebrowse(SelectManufacturer.java:47)
at exercise.Module2.SelectManufacturer.closebrowse(SelectManufacturer.java:47)
at exercise.Module2.SelectManufacturer.closebrowse(SelectManufacturer.java:47)
at exercise.Module2.SelectManufacturer.closebrowse(SelectManufacturer.java:47)
at exercise.Module2.SelectManufacturer.closebrowse(SelectManufacturer.java:47)
at exercise.Module2.SelectManufacturer.closebrowse(SelectManufacturer.java:47)
at exercise.Module2.SelectManufacturer.closebrowse(SelectManufacturer.java:47)
at exercise.Module2.SelectManufacturer.closebrowse(SelectManufacturer.java:47)
at exercise.Module2.SelectManufacturer.closebrowse(SelectManufacturer.java:47)
at exercise.Module2.SelectManufacturer.closebrowse(SelectManufacturer.java:47)
at exercise.Module2.SelectManufacturer.closebrowse(SelectManufacturer.java:47)
at exercise.Module2.SelectManufacturer.closebrowse(SelectManufacturer.java:47)
at exercise.Module2.SelectManufacturer.closebrowse(SelectManufacturer.java:47)
at exercise.Module2.SelectManufacturer.closebrowse(SelectManufacturer.java:47)
at exercise.Module2.SelectManufacturer.closebrowse(SelectManufacturer.java:47)
at exercise.Module2.SelectManufacturer.closebrowse(SelectManufacturer.java:47)
at exercise.Module2.SelectManufacturer.closebrowse(SelectManufacturer.java:47)
at exercise.Module2.SelectManufacturer.closebrowse(SelectManufacturer.java:47)
at exercise.Module2.SelectManufacturer.closebrowse(SelectManufacturer.java:47)
at exercise.Module2.SelectManufacturer.closebrowse(SelectManufacturer.java:47)
at exercise.Module2.SelectManufacturer.closebrowse(SelectManufacturer.java:47)
at exercise.Module2.SelectManufacturer.closebrowse(SelectManufacturer.java:47)
at exercise.Module2.SelectManufacturer.closebrowse(SelectManufacturer.java:47)
at exercise.Module2.SelectManufacturer.closebrowse(SelectManufacturer.java:47)
at exercise.Module2.SelectManufacturer.closebrowse(SelectManufacturer.java:47)
at exercise.Module2.SelectManufacturer.closebrowse(SelectManufacturer.java:47)
at exercise.Module2.SelectManufacturer.closebrowse(SelectManufacturer.java:47)
at exercise.Module2.SelectManufacturer.closebrowse(SelectManufacturer.java:47)
at exercise.Module2.SelectManufacturer.closebrowse(SelectManufacturer.java:47)
at exercise.Module2.SelectManufacturer.closebrowse(SelectManufacturer.java:47)
at exercise.Module2.SelectManufacturer.closebrowse(SelectManufacturer.java:47)
at exercise.Module2.SelectManufacturer.closebrowse(SelectManufacturer.java:47)
at exercise.Module2.SelectManufacturer.closebrowse(SelectManufacturer.java:47)
at exercise.Module2.SelectManufacturer.closebrowse(SelectManufacturer.java:47)
at exercise.Module2.SelectManufacturer.closebrowse(SelectManufacturer.java:47)
at exercise.Module2.SelectManufacturer.closebrowse(SelectManufacturer.java:47)
at exercise.Module2.SelectManufacturer.closebrowse(SelectManufacturer.java:47)
at exercise.Module2.SelectManufacturer.closebrowse(SelectManufacturer.java:47)
at exercise.Module2.SelectManufacturer.closebrowse(SelectManufacturer.java:47)
at exercise.Module2.SelectManufacturer.closebrowse(SelectManufacturer.java:47)
at exercise.Module2.SelectManufacturer.closebrowse(SelectManufacturer.java:47)
at exercise.Module2.SelectManufacturer.closebrowse(SelectManufacturer.java:47)
at exercise.Module2.SelectManufacturer.closebrowse(SelectManufacturer.java:47)
at exercise.Module2.SelectManufacturer.closebrowse(SelectManufacturer.java:47)
at exercise.Module2.SelectManufacturer.closebrowse(SelectManufacturer.java:47)
at exercise.Module2.SelectManufacturer.closebrowse(SelectManufacturer.java:47)
at exercise.Module2.SelectManufacturer.closebrowse(SelectManufacturer.java:47)
at exercise.Module2.SelectManufacturer.closebrowse(SelectManufacturer.java:47)
at exercise.Module2.SelectManufacturer.closebrowse(SelectManufacturer.java:47)
at exercise.Module2.SelectManufacturer.closebrowse(SelectManufacturer.java:47)
at exercise.Module2.SelectManufacturer.closebrowse(SelectManufacturer.java:47)
at exercise.Module2.SelectManufacturer.closebrowse(SelectManufacturer.java:47)
at exercise.Module2.SelectManufacturer.closebrowse(SelectManufacturer.java:47)
at exercise.Module2.SelectManufacturer.closebrowse(SelectManufacturer.java:47)
at exercise.Module2.SelectManufacturer.closebrowse(SelectManufacturer.java:47)
at exercise.Module2.SelectManufacturer.closebrowse(SelectManufacturer.java:47)
at exercise.Module2.SelectManufacturer.closebrowse(SelectManufacturer.java:47)
at exercise.Module2.SelectManufacturer.closebrowse(SelectManufacturer.java:47)
at exercise.Module2.SelectManufacturer.closebrowse(SelectManufacturer.java:47)
at exercise.Module2.SelectManufacturer.closebrowse(SelectManufacturer.java:47)
at exercise.Module2.SelectManufacturer.closebrowse(SelectManufacturer.java:47)
at exercise.Module2.SelectManufacturer.closebrowse(SelectManufacturer.java:47)
at exercise.Module2.SelectManufacturer.closebrowse(SelectManufacturer.java:47)
at exercise.Module2.SelectManufacturer.closebrowse(SelectManufacturer.java:47)
at exercise.Module2.SelectManufacturer.closebrowse(SelectManufacturer.java:47)
at exercise.Module2.SelectManufacturer.closebrowse(SelectManufacturer.java:47)
at exercise.Module2.SelectManufacturer.closebrowse(SelectManufacturer.java:47)
at exercise.Module2.SelectManufacturer.closebrowse(SelectManufacturer.java:47)
at exercise.Module2.SelectManufacturer.closebrowse(SelectManufacturer.java:47)
at exercise.Module2.SelectManufacturer.closebrowse(SelectManufacturer.java:47)
at exercise.Module2.SelectManufacturer.closebrowse(SelectManufacturer.java:47)
at exercise.Module2.SelectManufacturer.closebrowse(SelectManufacturer.java:47)
at exercise.Module2.SelectManufacturer.closebrowse(SelectManufacturer.java:47)
at exercise.Module2.SelectManufacturer.closebrowse(SelectManufacturer.java:47)
at exercise.Module2.SelectManufacturer.closebrowse(SelectManufacturer.java:47)
at exercise.Module2.SelectManufacturer.closebrowse(SelectManufacturer.java:47)
at exercise.Module2.SelectManufacturer.closebrowse(SelectManufacturer.java:47)
at exercise.Module2.SelectManufacturer.closebrowse(SelectManufacturer.java:47)
at exercise.Module2.SelectManufacturer.closebrowse(SelectManufacturer.java:47)
at exercise.Module2.SelectManufacturer.closebrowse(SelectManufacturer.java:47)
at exercise.Module2.SelectManufacturer.closebrowse(SelectManufacturer.java:47)
at exercise.Module2.SelectManufacturer.closebrowse(SelectManufacturer.java:47)
at exercise.Module2.SelectManufacturer.closebrowse(SelectManufacturer.java:47)
at exercise.Module2.SelectManufacturer.closebrowse(SelectManufacturer.java:47)
at exercise.Module2.SelectManufacturer.closebrowse(SelectManufacturer.java:47)
at exercise.Module2.SelectManufacturer.closebrowse(SelectManufacturer.java:47)
at exercise.Module2.SelectManufacturer.closebrowse(SelectManufacturer.java:47)
at exercise.Module2.SelectManufacturer.closebrowse(SelectManufacturer.java:47)
at exercise.Module2.SelectManufacturer.closebrowse(SelectManufacturer.java:47)
at exercise.Module2.SelectManufacturer.closebrowse(SelectManufacturer.java:47)
at exercise.Module2.SelectManufacturer.closebrowse(SelectManufacturer.java:47)
at exercise.Module2.SelectManufacturer.closebrowse(SelectManufacturer.java:47)
at exercise.Module2.SelectManufacturer.closebrowse(SelectManufacturer.java:47)
at exercise.Module2.SelectManufacturer.closebrowse(SelectManufacturer.java:47)
at exercise.Module2.SelectManufacturer.closebrowse(SelectManufacturer.java:47)
at exercise.Module2.SelectManufacturer.closebrowse(SelectManufacturer.java:47)
at exercise.Module2.SelectManufacturer.closebrowse(SelectManufacturer.java:47)
at exercise.Module2.SelectManufacturer.closebrowse(SelectManufacturer.java:47)
at exercise.Module2.SelectManufacturer.closebrowse(SelectManufacturer.java:47)
at exercise.Module2.SelectManufacturer.closebrowse(SelectManufacturer.java:47)
at exercise.Module2.SelectManufacturer.closebrowse(SelectManufacturer.java:47)
at exercise.Module2.SelectManufacturer.closebrowse(SelectManufacturer.java:47)
at exercise.Module2.SelectManufacturer.closebrowse(SelectManufacturer.java:47)
at exercise.Module2.SelectManufacturer.closebrowse(SelectManufacturer.java:47)
at exercise.Module2.SelectManufacturer.closebrowse(SelectManufacturer.java:47)
at exercise.Module2.SelectManufacturer.closebrowse(SelectManufacturer.java:47)
at exercise.Module2.SelectManufacturer.closebrowse(SelectManufacturer.java:47)
at exercise.Module2.SelectManufacturer.closebrowse(SelectManufacturer.java:47)
at exercise.Module2.SelectManufacturer.closebrowse(SelectManufacturer.java:47)
at exercise.Module2.SelectManufacturer.closebrowse(SelectManufacturer.java:47)
at exercise.Module2.SelectManufacturer.closebrowse(SelectManufacturer.java:47)
at exercise.Module2.SelectManufacturer.closebrowse(SelectManufacturer.java:47)
at exercise.Module2.SelectManufacturer.closebrowse(SelectManufacturer.java:47)
at exercise.Module2.SelectManufacturer.closebrowse(SelectManufacturer.java:47)
at exercise.Module2.SelectManufacturer.closebrowse(SelectManufacturer.java:47)
at exercise.Module2.SelectManufacturer.closebrowse(SelectManufacturer.java:47)
at exercise.Module2.SelectManufacturer.closebrowse(SelectManufacturer.java:47)
at exercise.Module2.SelectManufacturer.closebrowse(SelectManufacturer.java:47)
at exercise.Module2.SelectManufacturer.closebrowse(SelectManufacturer.java:47)
at exercise.Module2.SelectManufacturer.closebrowse(SelectManufacturer.java:47)
at exercise.Module2.SelectManufacturer.closebrowse(SelectManufacturer.java:47)
at exercise.Module2.SelectManufacturer.closebrowse(SelectManufacturer.java:47)
at exercise.Module2.SelectManufacturer.closebrowse(SelectManufacturer.java:47)
at exercise.Module2.SelectManufacturer.closebrowse(SelectManufacturer.java:47)
at exercise.Module2.SelectManufacturer.closebrowse(SelectManufacturer.java:47)
at exercise.Module2.SelectManufacturer.closebrowse(SelectManufacturer.java:47)
at exercise.Module2.SelectManufacturer.closebrowse(SelectManufacturer.java:47)
at exercise.Module2.SelectManufacturer.closebrowse(SelectManufacturer.java:47)
at exercise.Module2.SelectManufacturer.closebrowse(SelectManufacturer.java:47)
at exercise.Module2.SelectManufacturer.closebrowse(SelectManufacturer.java:47)
at exercise.Module2.SelectManufacturer.closebrowse(SelectManufacturer.java:47)
at exercise.Module2.SelectManufacturer.closebrowse(SelectManufacturer.java:47)
at exercise.Module2.SelectManufacturer.closebrowse(SelectManufacturer.java:47)
at exercise.Module2.SelectManufacturer.closebrowse(SelectManufacturer.java:47)
at exercise.Module2.SelectManufacturer.closebrowse(SelectManufacturer.java:47)
at exercise.Module2.SelectManufacturer.closebrowse(SelectManufacturer.java:47)
at exercise.Module2.SelectManufacturer.closebrowse(SelectManufacturer.java:47)
at exercise.Module2.SelectManufacturer.closebrowse(SelectManufacturer.java:47)
at exercise.Module2.SelectManufacturer.closebrowse(SelectManufacturer.java:47)
at exercise.Module2.SelectManufacturer.closebrowse(SelectManufacturer.java:47)
at exercise.Module2.SelectManufacturer.closebrowse(SelectManufacturer.java:47)
at exercise.Module2.SelectManufacturer.closebrowse(SelectManufacturer.java:47)
at exercise.Module2.SelectManufacturer.closebrowse(SelectManufacturer.java:47)
at exercise.Module2.SelectManufacturer.closebrowse(SelectManufacturer.java:47)
at exercise.Module2.SelectManufacturer.closebrowse(SelectManufacturer.java:47)
at exercise.Module2.SelectManufacturer.closebrowse(SelectManufacturer.java:47)
at exercise.Module2.SelectManufacturer.closebrowse(SelectManufacturer.java:47)
at exercise.Module2.SelectManufacturer.closebrowse(SelectManufacturer.java:47)
at exercise.Module2.SelectManufacturer.closebrowse(SelectManufacturer.java:47)
at exercise.Module2.SelectManufacturer.closebrowse(SelectManufacturer.java:47)
at exercise.Module2.SelectManufacturer.closebrowse(SelectManufacturer.java:47)
at exercise.Module2.SelectManufacturer.closebrowse(SelectManufacturer.java:47)
at exercise.Module2.SelectManufacturer.closebrowse(SelectManufacturer.java:47)
at exercise.Module2.SelectManufacturer.closebrowse(SelectManufacturer.java:47)
at exercise.Module2.SelectManufacturer.closebrowse(SelectManufacturer.java:47)
at exercise.Module2.SelectManufacturer.closebrowse(SelectManufacturer.java:47)
at exercise.Module2.SelectManufacturer.closebrowse(SelectManufacturer.java:47)
at exercise.Module2.SelectManufacturer.closebrowse(SelectManufacturer.java:47)
at exercise.Module2.SelectManufacturer.closebrowse(SelectManufacturer.java:47)
at exercise.Module2.SelectManufacturer.closebrowse(SelectManufacturer.java:47)
at exercise.Module2.SelectManufacturer.closebrowse(SelectManufacturer.java:47)
at exercise.Module2.SelectManufacturer.closebrowse(SelectManufacturer.java:47)
at exercise.Module2.SelectManufacturer.closebrowse(SelectManufacturer.java:47)
at exercise.Module2.SelectManufacturer.closebrowse(SelectManufacturer.java:47)
at exercise.Module2.SelectManufacturer.closebrowse(SelectManufacturer.java:47)
at exercise.Module2.SelectManufacturer.closebrowse(SelectManufacturer.java:47)
at exercise.Module2.SelectManufacturer.closebrowse(SelectManufacturer.java:47)
at exercise.Module2.SelectManufacturer.closebrowse(SelectManufacturer.java:47)
at exercise.Module2.SelectManufacturer.closebrowse(SelectManufacturer.java:47)
at exercise.Module2.SelectManufacturer.closebrowse(SelectManufacturer.java:47)
at exercise.Module2.SelectManufacturer.closebrowse(SelectManufacturer.java:47)
at exercise.Module2.SelectManufacturer.closebrowse(SelectManufacturer.java:47)
at exercise.Module2.SelectManufacturer.closebrowse(SelectManufacturer.java:47)
at exercise.Module2.SelectManufacturer.closebrowse(SelectManufacturer.java:47)
at exercise.Module2.SelectManufacturer.closebrowse(SelectManufacturer.java:47)
at exercise.Module2.SelectManufacturer.closebrowse(SelectManufacturer.java:47)
at exercise.Module2.SelectManufacturer.closebrowse(SelectManufacturer.java:47)
at exercise.Module2.SelectManufacturer.closebrowse(SelectManufacturer.java:47)
at exercise.Module2.SelectManufacturer.closebrowse(SelectManufacturer.java:47)
at exercise.Module2.SelectManufacturer.closebrowse(SelectManufacturer.java:47)
at exercise.Module2.SelectManufacturer.closebrowse(SelectManufacturer.java:47)
at exercise.Module2.SelectManufacturer.closebrowse(SelectManufacturer.java:47)
at exercise.Module2.SelectManufacturer.closebrowse(SelectManufacturer.java:47)
at exercise.Module2.SelectManufacturer.closebrowse(SelectManufacturer.java:47)
at exercise.Module2.SelectManufacturer.closebrowse(SelectManufacturer.java:47)
at exercise.Module2.SelectManufacturer.closebrowse(SelectManufacturer.java:47)
at exercise.Module2.SelectManufacturer.closebrowse(SelectManufacturer.java:47)
at exercise.Module2.SelectManufacturer.closebrowse(SelectManufacturer.java:47)
at exercise.Module2.SelectManufacturer.closebrowse(SelectManufacturer.java:47)
at exercise.Module2.SelectManufacturer.closebrowse(SelectManufacturer.java:47)
at exercise.Module2.SelectManufacturer.closebrowse(SelectManufacturer.java:47)
at exercise.Module2.SelectManufacturer.closebrowse(SelectManufacturer.java:47)
at exercise.Module2.SelectManufacturer.closebrowse(SelectManufacturer.java:47)
at exercise.Module2.SelectManufacturer.closebrowse(SelectManufacturer.java:47)
at exercise.Module2.SelectManufacturer.closebrowse(SelectManufacturer.java:47)
at exercise.Module2.SelectManufacturer.closebrowse(SelectManufacturer.java:47)
at exercise.Module2.SelectManufacturer.closebrowse(SelectManufacturer.java:47)
at exercise.Module2.SelectManufacturer.closebrowse(SelectManufacturer.java:47)
at exercise.Module2.SelectManufacturer.closebrowse(SelectManufacturer.java:47)
at exercise.Module2.SelectManufacturer.closebrowse(SelectManufacturer.java:47)
at exercise.Module2.SelectManufacturer.closebrowse(SelectManufacturer.java:47)
at exercise.Module2.SelectManufacturer.closebrowse(SelectManufacturer.java:47)
at exercise.Module2.SelectManufacturer.closebrowse(SelectManufacturer.java:47)
at exercise.Module2.SelectManufacturer.closebrowse(SelectManufacturer.java:47)
at exercise.Module2.SelectManufacturer.closebrowse(SelectManufacturer.java:47)
at exercise.Module2.SelectManufacturer.closebrowse(SelectManufacturer.java:47)
at exercise.Module2.SelectManufacturer.closebrowse(SelectManufacturer.java:47)
at exercise.Module2.SelectManufacturer.closebrowse(SelectManufacturer.java:47)
at exercise.Module2.SelectManufacturer.closebrowse(SelectManufacturer.java:47)
at exercise.Module2.SelectManufacturer.closebrowse(SelectManufacturer.java:47)
at exercise.Module2.SelectManufacturer.closebrowse(SelectManufacturer.java:47)
at exercise.Module2.SelectManufacturer.closebrowse(SelectManufacturer.java:47)
at exercise.Module2.SelectManufacturer.closebrowse(SelectManufacturer.java:47)
at exercise.Module2.SelectManufacturer.closebrowse(SelectManufacturer.java:47)
at exercise.Module2.SelectManufacturer.closebrowse(SelectManufacturer.java:47)
at exercise.Module2.SelectManufacturer.closebrowse(SelectManufacturer.java:47)
at exercise.Module2.SelectManufacturer.closebrowse(SelectManufacturer.java:47)
at exercise.Module2.SelectManufacturer.closebrowse(SelectManufacturer.java:47)
at exercise.Module2.SelectManufacturer.closebrowse(SelectManufacturer.java:47)
at exercise.Module2.SelectManufacturer.closebrowse(SelectManufacturer.java:47)
at exercise.Module2.SelectManufacturer.closebrowse(SelectManufacturer.java:47)
at exercise.Module2.SelectManufacturer.closebrowse(SelectManufacturer.java:47)
at exercise.Module2.SelectManufacturer.closebrowse(SelectManufacturer.java:47)
at exercise.Module2.SelectManufacturer.closebrowse(SelectManufacturer.java:47)
at exercise.Module2.SelectManufacturer.closebrowse(SelectManufacturer.java:47)
at exercise.Module2.SelectManufacturer.closebrowse(SelectManufacturer.java:47)
at exercise.Module2.SelectManufacturer.closebrowse(SelectManufacturer.java:47)
at exercise.Module2.SelectManufacturer.closebrowse(SelectManufacturer.java:47)
at exercise.Module2.SelectManufacturer.closebrowse(SelectManufacturer.java:47)
at exercise.Module2.SelectManufacturer.closebrowse(SelectManufacturer.java:47)
at exercise.Module2.SelectManufacturer.closebrowse(SelectManufacturer.java:47)
at exercise.Module2.SelectManufacturer.closebrowse(SelectManufacturer.java:47)
at exercise.Module2.SelectManufacturer.closebrowse(SelectManufacturer.java:47)
at exercise.Module2.SelectManufacturer.closebrowse(SelectManufacturer.java:47)
at exercise.Module2.SelectManufacturer.closebrowse(SelectManufacturer.java:47)
at exercise.Module2.SelectManufacturer.closebrowse(SelectManufacturer.java:47)
at exercise.Module2.SelectManufacturer.closebrowse(SelectManufacturer.java:47)
at exercise.Module2.SelectManufacturer.closebrowse(SelectManufacturer.java:47)
at exercise.Module2.SelectManufacturer.closebrowse(SelectManufacturer.java:47)
at exercise.Module2.SelectManufacturer.closebrowse(SelectManufacturer.java:47)
at exercise.Module2.SelectManufacturer.closebrowse(SelectManufacturer.java:47)
at exercise.Module2.SelectManufacturer.closebrowse(SelectManufacturer.java:47)
at exercise.Module2.SelectManufacturer.closebrowse(SelectManufacturer.java:47)
at exercise.Module2.SelectManufacturer.closebrowse(SelectManufacturer.java:47)
at exercise.Module2.SelectManufacturer.closebrowse(SelectManufacturer.java:47)
at exercise.Module2.SelectManufacturer.closebrowse(SelectManufacturer.java:47)
at exercise.Module2.SelectManufacturer.closebrowse(SelectManufacturer.java:47)
at exercise.Module2.SelectManufacturer.closebrowse(SelectManufacturer.java:47)
at exercise.Module2.SelectManufacturer.closebrowse(SelectManufacturer.java:47)
at exercise.Module2.SelectManufacturer.closebrowse(SelectManufacturer.java:47)
at exercise.Module2.SelectManufacturer.closebrowse(SelectManufacturer.java:47)
at exercise.Module2.SelectManufacturer.closebrowse(SelectManufacturer.java:47)
at exercise.Module2.SelectManufacturer.closebrowse(SelectManufacturer.java:47)
at exercise.Module2.SelectManufacturer.closebrowse(SelectManufacturer.java:47)
at exercise.Module2.SelectManufacturer.closebrowse(SelectManufacturer.java:47)
at exercise.Module2.SelectManufacturer.closebrowse(SelectManufacturer.java:47)
at exercise.Module2.SelectManufacturer.closebrowse(SelectManufacturer.java:47)
at exercise.Module2.SelectManufacturer.closebrowse(SelectManufacturer.java:47)
at exercise.Module2.SelectManufacturer.closebrowse(SelectManufacturer.java:47)
at exercise.Module2.SelectManufacturer.closebrowse(SelectManufacturer.java:47)
at exercise.Module2.SelectManufacturer.closebrowse(SelectManufacturer.java:47)
at exercise.Module2.SelectManufacturer.closebrowse(SelectManufacturer.java:47)
at exercise.Module2.SelectManufacturer.closebrowse(SelectManufacturer.java:47)
at exercise.Module2.SelectManufacturer.closebrowse(SelectManufacturer.java:47)
at exercise.Module2.SelectManufacturer.closebrowse(SelectManufacturer.java:47)
at exercise.Module2.SelectManufacturer.closebrowse(SelectManufacturer.java:47)
at exercise.Module2.SelectManufacturer.closebrowse(SelectManufacturer.java:47)
at exercise.Module2.SelectManufacturer.closebrowse(SelectManufacturer.java:47)
at exercise.Module2.SelectManufacturer.closebrowse(SelectManufacturer.java:47)
at exercise.Module2.SelectManufacturer.closebrowse(SelectManufacturer.java:47)
at exercise.Module2.SelectManufacturer.closebrowse(SelectManufacturer.java:47)
at exercise.Module2.SelectManufacturer.closebrowse(SelectManufacturer.java:47)
at exercise.Module2.SelectManufacturer.closebrowse(SelectManufacturer.java:47)
at exercise.Module2.SelectManufacturer.closebrowse(SelectManufacturer.java:47)
at exercise.Module2.SelectManufacturer.closebrowse(SelectManufacturer.java:47)
at exercise.Module2.SelectManufacturer.closebrowse(SelectManufacturer.java:47)
at exercise.Module2.SelectManufacturer.closebrowse(SelectManufacturer.java:47)
at exercise.Module2.SelectManufacturer.closebrowse(SelectManufacturer.java:47)
at exercise.Module2.SelectManufacturer.closebrowse(SelectManufacturer.java:47)
at exercise.Module2.SelectManufacturer.closebrowse(SelectManufacturer.java:47)
at exercise.Module2.SelectManufacturer.closebrowse(SelectManufacturer.java:47)
at exercise.Module2.SelectManufacturer.closebrowse(SelectManufacturer.java:47)
at exercise.Module2.SelectManufacturer.closebrowse(SelectManufacturer.java:47)
at exercise.Module2.SelectManufacturer.closebrowse(SelectManufacturer.java:47)
at exercise.Module2.SelectManufacturer.closebrowse(SelectManufacturer.java:47)
at exercise.Module2.SelectManufacturer.closebrowse(SelectManufacturer.java:47)
at exercise.Module2.SelectManufacturer.closebrowse(SelectManufacturer.java:47)
at exercise.Module2.SelectManufacturer.closebrowse(SelectManufacturer.java:47)
at exercise.Module2.SelectManufacturer.closebrowse(SelectManufacturer.java:47)
at exercise.Module2.SelectManufacturer.closebrowse(SelectManufacturer.java:47)
at exercise.Module2.SelectManufacturer.closebrowse(SelectManufacturer.java:47)
at exercise.Module2.SelectManufacturer.closebrowse(SelectManufacturer.java:47)
at exercise.Module2.SelectManufacturer.closebrowse(SelectManufacturer.java:47)
at exercise.Module2.SelectManufacturer.closebrowse(SelectManufacturer.java:47)
at exercise.Module2.SelectManufacturer.closebrowse(SelectManufacturer.java:47)
at exercise.Module2.SelectManufacturer.closebrowse(SelectManufacturer.java:47)
at exercise.Module2.SelectManufacturer.closebrowse(SelectManufacturer.java:47)
at exercise.Module2.SelectManufacturer.closebrowse(SelectManufacturer.java:47)
at exercise.Module2.SelectManufacturer.closebrowse(SelectManufacturer.java:47)
at exercise.Module2.SelectManufacturer.closebrowse(SelectManufacturer.java:47)
at exercise.Module2.SelectManufacturer.closebrowse(SelectManufacturer.java:47)
at exercise.Module2.SelectManufacturer.closebrowse(SelectManufacturer.java:47)
at exercise.Module2.SelectManufacturer.closebrowse(SelectManufacturer.java:47)
at exercise.Module2.SelectManufacturer.closebrowse(SelectManufacturer.java:47)
at exercise.Module2.SelectManufacturer.closebrowse(SelectManufacturer.java:47)
at exercise.Module2.SelectManufacturer.closebrowse(SelectManufacturer.java:47)
at exercise.Module2.SelectManufacturer.closebrowse(SelectManufacturer.java:47)
at exercise.Module2.SelectManufacturer.closebrowse(SelectManufacturer.java:47)
at exercise.Module2.SelectManufacturer.closebrowse(SelectManufacturer.java:47)
at exercise.Module2.SelectManufacturer.closebrowse(SelectManufacturer.java:47)
at exercise.Module2.SelectManufacturer.closebrowse(SelectManufacturer.java:47)
at exercise.Module2.SelectManufacturer.closebrowse(SelectManufacturer.java:47)
at exercise.Module2.SelectManufacturer.closebrowse(SelectManufacturer.java:47)
at exercise.Module2.SelectManufacturer.closebrowse(SelectManufacturer.java:47)
at exercise.Module2.SelectManufacturer.closebrowse(SelectManufacturer.java:47)
at exercise.Module2.SelectManufacturer.closebrowse(SelectManufacturer.java:47)
at exercise.Module2.SelectManufacturer.closebrowse(SelectManufacturer.java:47)
at exercise.Module2.SelectManufacturer.closebrowse(SelectManufacturer.java:47)
at exercise.Module2.SelectManufacturer.closebrowse(SelectManufacturer.java:47)
at exercise.Module2.SelectManufacturer.closebrowse(SelectManufacturer.java:47)
at exercise.Module2.SelectManufacturer.closebrowse(SelectManufacturer.java:47)
at exercise.Module2.SelectManufacturer.closebrowse(SelectManufacturer.java:47)
at exercise.Module2.SelectManufacturer.closebrowse(SelectManufacturer.java:47)
at exercise.Module2.SelectManufacturer.closebrowse(SelectManufacturer.java:47)
at exercise.Module2.SelectManufacturer.closebrowse(SelectManufacturer.java:47)
at exercise.Module2.SelectManufacturer.closebrowse(SelectManufacturer.java:47)
at exercise.Module2.SelectManufacturer.closebrowse(SelectManufacturer.java:47)
at exercise.Module2.SelectManufacturer.closebrowse(SelectManufacturer.java:47)
at exercise.Module2.SelectManufacturer.closebrowse(SelectManufacturer.java:47)
at exercise.Module2.SelectManufacturer.closebrowse(SelectManufacturer.java:47)
at exercise.Module2.SelectManufacturer.closebrowse(SelectManufacturer.java:47)
at exercise.Module2.SelectManufacturer.closebrowse(SelectManufacturer.java:47)
at exercise.Module2.SelectManufacturer.closebrowse(SelectManufacturer.java:47)
at exercise.Module2.SelectManufacturer.closebrowse(SelectManufacturer.java:47)
at exercise.Module2.SelectManufacturer.closebrowse(SelectManufacturer.java:47)
at exercise.Module2.SelectManufacturer.closebrowse(SelectManufacturer.java:47)
at exercise.Module2.SelectManufacturer.closebrowse(SelectManufacturer.java:47)
at exercise.Module2.SelectManufacturer.closebrowse(SelectManufacturer.java:47)
at exercise.Module2.SelectManufacturer.closebrowse(SelectManufacturer.java:47)
at exercise.Module2.SelectManufacturer.closebrowse(SelectManufacturer.java:47)
at exercise.Module2.SelectManufacturer.closebrowse(SelectManufacturer.java:47)
at exercise.Module2.SelectManufacturer.closebrowse(SelectManufacturer.java:47)
at exercise.Module2.SelectManufacturer.closebrowse(SelectManufacturer.java:47)
at exercise.Module2.SelectManufacturer.closebrowse(SelectManufacturer.java:47)
at exercise.Module2.SelectManufacturer.closebrowse(SelectManufacturer.java:47)
at exercise.Module2.SelectManufacturer.closebrowse(SelectManufacturer.java:47)
at exercise.Module2.SelectManufacturer.closebrowse(SelectManufacturer.java:47)
at exercise.Module2.SelectManufacturer.closebrowse(SelectManufacturer.java:47)
at exercise.Module2.SelectManufacturer.closebrowse(SelectManufacturer.java:47)
at exercise.Module2.SelectManufacturer.closebrowse(SelectManufacturer.java:47)
at exercise.Module2.SelectManufacturer.closebrowse(SelectManufacturer.java:47)
at exercise.Module2.SelectManufacturer.closebrowse(SelectManufacturer.java:47)
at exercise.Module2.SelectManufacturer.closebrowse(SelectManufacturer.java:47)
at exercise.Module2.SelectManufacturer.closebrowse(SelectManufacturer.java:47)
at exercise.Module2.SelectManufacturer.closebrowse(SelectManufacturer.java:47)
at exercise.Module2.SelectManufacturer.closebrowse(SelectManufacturer.java:47)
at exercise.Module2.SelectManufacturer.closebrowse(SelectManufacturer.java:47)
at exercise.Module2.SelectManufacturer.closebrowse(SelectManufacturer.java:47)
at exercise.Module2.SelectManufacturer.closebrowse(SelectManufacturer.java:47)
at exercise.Module2.SelectManufacturer.closebrowse(SelectManufacturer.java:47)
at exercise.Module2.SelectManufacturer.closebrowse(SelectManufacturer.java:47)
at exercise.Module2.SelectManufacturer.closebrowse(SelectManufacturer.java:47)
at exercise.Module2.SelectManufacturer.closebrowse(SelectManufacturer.java:47)
at exercise.Module2.SelectManufacturer.closebrowse(SelectManufacturer.java:47)
at exercise.Module2.SelectManufacturer.closebrowse(SelectManufacturer.java:47)
at exercise.Module2.SelectManufacturer.closebrowse(SelectManufacturer.java:47)
at exercise.Module2.SelectManufacturer.closebrowse(SelectManufacturer.java:47)
at exercise.Module2.SelectManufacturer.closebrowse(SelectManufacturer.java:47)
at exercise.Module2.SelectManufacturer.closebrowse(SelectManufacturer.java:47)
at exercise.Module2.SelectManufacturer.closebrowse(SelectManufacturer.java:47)
at exercise.Module2.SelectManufacturer.closebrowse(SelectManufacturer.java:47)
at exercise.Module2.SelectManufacturer.closebrowse(SelectManufacturer.java:47)
at exercise.Module2.SelectManufacturer.closebrowse(SelectManufacturer.java:47)
at exercise.Module2.SelectManufacturer.closebrowse(SelectManufacturer.java:47)
at exercise.Module2.SelectManufacturer.closebrowse(SelectManufacturer.java:47)
at exercise.Module2.SelectManufacturer.closebrowse(SelectManufacturer.java:47)
at exercise.Module2.SelectManufacturer.closebrowse(SelectManufacturer.java:47)
at exercise.Module2.SelectManufacturer.closebrowse(SelectManufacturer.java:47)
at exercise.Module2.SelectManufacturer.closebrowse(SelectManufacturer.java:47)
at exercise.Module2.SelectManufacturer.closebrowse(SelectManufacturer.java:47)
at exercise.Module2.SelectManufacturer.closebrowse(SelectManufacturer.java:47)
at exercise.Module2.SelectManufacturer.closebrowse(SelectManufacturer.java:47)
at exercise.Module2.SelectManufacturer.closebrowse(SelectManufacturer.java:47)
at exercise.Module2.SelectManufacturer.closebrowse(SelectManufacturer.java:47)
at exercise.Module2.SelectManufacturer.closebrowse(SelectManufacturer.java:47)
at exercise.Module2.SelectManufacturer.closebrowse(SelectManufacturer.java:47)
at exercise.Module2.SelectManufacturer.closebrowse(SelectManufacturer.java:47)
at exercise.Module2.SelectManufacturer.closebrowse(SelectManufacturer.java:47)
at exercise.Module2.SelectManufacturer.closebrowse(SelectManufacturer.java:47)
at exercise.Module2.SelectManufacturer.closebrowse(SelectManufacturer.java:47)
at exercise.Module2.SelectManufacturer.closebrowse(SelectManufacturer.java:47)
at exercise.Module2.SelectManufacturer.closebrowse(SelectManufacturer.java:47)
at exercise.Module2.SelectManufacturer.closebrowse(SelectManufacturer.java:47)
at exercise.Module2.SelectManufacturer.closebrowse(SelectManufacturer.java:47)
at exercise.Module2.SelectManufacturer.closebrowse(SelectManufacturer.java:47)
at exercise.Module2.SelectManufacturer.closebrowse(SelectManufacturer.java:47)
at exercise.Module2.SelectManufacturer.closebrowse(SelectManufacturer.java:47)
at exercise.Module2.SelectManufacturer.closebrowse(SelectManufacturer.java:47)
at exercise.Module2.SelectManufacturer.closebrowse(SelectManufacturer.java:47)
at exercise.Module2.SelectManufacturer.closebrowse(SelectManufacturer.java:47)
at exercise.Module2.SelectManufacturer.closebrowse(SelectManufacturer.java:47)
at exercise.Module2.SelectManufacturer.closebrowse(SelectManufacturer.java:47)
at exercise.Module2.SelectManufacturer.closebrowse(SelectManufacturer.java:47)
at exercise.Module2.SelectManufacturer.closebrowse(SelectManufacturer.java:47)
at exercise.Module2.SelectManufacturer.closebrowse(SelectManufacturer.java:47)
at exercise.Module2.SelectManufacturer.closebrowse(SelectManufacturer.java:47)
at exercise.Module2.SelectManufacturer.closebrowse(SelectManufacturer.java:47)
at exercise.Module2.SelectManufacturer.closebrowse(SelectManufacturer.java:47)
at exercise.Module2.SelectManufacturer.closebrowse(SelectManufacturer.java:47)
at exercise.Module2.SelectManufacturer.closebrowse(SelectManufacturer.java:47)
at exercise.Module2.SelectManufacturer.closebrowse(SelectManufacturer.java:47)
at exercise.Module2.SelectManufacturer.closebrowse(SelectManufacturer.java:47)
at exercise.Module2.SelectManufacturer.closebrowse(SelectManufacturer.java:47)
at exercise.Module2.SelectManufacturer.closebrowse(SelectManufacturer.java:47)
at exercise.Module2.SelectManufacturer.closebrowse(SelectManufacturer.java:47)
at exercise.Module2.SelectManufacturer.closebrowse(SelectManufacturer.java:47)
at exercise.Module2.SelectManufacturer.closebrowse(SelectManufacturer.java:47)
at exercise.Module2.SelectManufacturer.closebrowse(SelectManufacturer.java:47)
at exercise.Module2.SelectManufacturer.closebrowse(SelectManufacturer.java:47)
at exercise.Module2.SelectManufacturer.closebrowse(SelectManufacturer.java:47)
at exercise.Module2.SelectManufacturer.closebrowse(SelectManufacturer.java:47)
at exercise.Module2.SelectManufacturer.closebrowse(SelectManufacturer.java:47)
at exercise.Module2.SelectManufacturer.closebrowse(SelectManufacturer.java:47)
at exercise.Module2.SelectManufacturer.closebrowse(SelectManufacturer.java:47)
at exercise.Module2.SelectManufacturer.closebrowse(SelectManufacturer.java:47)
at exercise.Module2.SelectManufacturer.closebrowse(SelectManufacturer.java:47)
at exercise.Module2.SelectManufacturer.closebrowse(SelectManufacturer.java:47)
at exercise.Module2.SelectManufacturer.closebrowse(SelectManufacturer.java:47)
at exercise.Module2.SelectManufacturer.closebrowse(SelectManufacturer.java:47)
at exercise.Module2.SelectManufacturer.closebrowse(SelectManufacturer.java:47)
at exercise.Module2.SelectManufacturer.closebrowse(SelectManufacturer.java:47)
at exercise.Module2.SelectManufacturer.closebrowse(SelectManufacturer.java:47)
at exercise.Module2.SelectManufacturer.closebrowse(SelectManufacturer.java:47)
at exercise.Module2.SelectManufacturer.closebrowse(SelectManufacturer.java:47)
at exercise.Module2.SelectManufacturer.closebrowse(SelectManufacturer.java:47)
at exercise.Module2.SelectManufacturer.closebrowse(SelectManufacturer.java:47)
at exercise.Module2.SelectManufacturer.closebrowse(SelectManufacturer.java:47)
at exercise.Module2.SelectManufacturer.closebrowse(SelectManufacturer.java:47)
at exercise.Module2.SelectManufacturer.closebrowse(SelectManufacturer.java:47)
at exercise.Module2.SelectManufacturer.closebrowse(SelectManufacturer.java:47)
at exercise.Module2.SelectManufacturer.closebrowse(SelectManufacturer.java:47)
at exercise.Module2.SelectManufacturer.closebrowse(SelectManufacturer.java:47)
at exercise.Module2.SelectManufacturer.closebrowse(SelectManufacturer.java:47)
at exercise.Module2.SelectManufacturer.closebrowse(SelectManufacturer.java:47)
at exercise.Module2.SelectManufacturer.closebrowse(SelectManufacturer.java:47)
at exercise.Module2.SelectManufacturer.closebrowse(SelectManufacturer.java:47)
at exercise.Module2.SelectManufacturer.closebrowse(SelectManufacturer.java:47)
at exercise.Module2.SelectManufacturer.closebrowse(SelectManufacturer.java:47)
at exercise.Module2.SelectManufacturer.closebrowse(SelectManufacturer.java:47)
at exercise.Module2.SelectManufacturer.closebrowse(SelectManufacturer.java:47)
at exercise.Module2.SelectManufacturer.closebrowse(SelectManufacturer.java:47)
at exercise.Module2.SelectManufacturer.closebrowse(SelectManufacturer.java:47)
at exercise.Module2.SelectManufacturer.closebrowse(SelectManufacturer.java:47)
at exercise.Module2.SelectManufacturer.closebrowse(SelectManufacturer.java:47)
at exercise.Module2.SelectManufacturer.closebrowse(SelectManufacturer.java:47)
at exercise.Module2.SelectManufacturer.closebrowse(SelectManufacturer.java:47)
at exercise.Module2.SelectManufacturer.closebrowse(SelectManufacturer.java:47)
at exercise.Module2.SelectManufacturer.closebrowse(SelectManufacturer.java:47)
at exercise.Module2.SelectManufacturer.closebrowse(SelectManufacturer.java:47)
at exercise.Module2.SelectManufacturer.closebrowse(SelectManufacturer.java:47)
at exercise.Module2.SelectManufacturer.closebrowse(SelectManufacturer.java:47)
at exercise.Module2.SelectManufacturer.closebrowse(SelectManufacturer.java:47)
at exercise.Module2.SelectManufacturer.closebrowse(SelectManufacturer.java:47)
at exercise.Module2.SelectManufacturer.closebrowse(SelectManufacturer.java:47)
at exercise.Module2.SelectManufacturer.closebrowse(SelectManufacturer.java:47)
at exercise.Module2.SelectManufacturer.closebrowse(SelectManufacturer.java:47)
at exercise.Module2.SelectManufacturer.closebrowse(SelectManufacturer.java:47)
at exercise.Module2.SelectManufacturer.closebrowse(SelectManufacturer.java:47)
at exercise.Module2.SelectManufacturer.closebrowse(SelectManufacturer.java:47)
at exercise.Module2.SelectManufacturer.closebrowse(SelectManufacturer.java:47)
at exercise.Module2.SelectManufacturer.closebrowse(SelectManufacturer.java:47)
at exercise.Module2.SelectManufacturer.closebrowse(SelectManufacturer.java:47)
at exercise.Module2.SelectManufacturer.closebrowse(SelectManufacturer.java:47)
at exercise.Module2.SelectManufacturer.closebrowse(SelectManufacturer.java:47)
at exercise.Module2.SelectManufacturer.closebrowse(SelectManufacturer.java:47)
at exercise.Module2.SelectManufacturer.closebrowse(SelectManufacturer.java:47)
at exercise.Module2.SelectManufacturer.closebrowse(SelectManufacturer.java:47)
at exercise.Module2.SelectManufacturer.closebrowse(SelectManufacturer.java:47)
at exercise.Module2.SelectManufacturer.closebrowse(SelectManufacturer.java:47)
at exercise.Module2.SelectManufacturer.closebrowse(SelectManufacturer.java:47)
at exercise.Module2.SelectManufacturer.closebrowse(SelectManufacturer.java:47)
at exercise.Module2.SelectManufacturer.closebrowse(SelectManufacturer.java:47)
at exercise.Module2.SelectManufacturer.closebrowse(SelectManufacturer.java:47)
at exercise.Module2.SelectManufacturer.closebrowse(SelectManufacturer.java:47)
at exercise.Module2.SelectManufacturer.closebrowse(SelectManufacturer.java:47)
at exercise.Module2.SelectManufacturer.closebrowse(SelectManufacturer.java:47)
at exercise.Module2.SelectManufacturer.closebrowse(SelectManufacturer.java:47)
at exercise.Module2.SelectManufacturer.closebrowse(SelectManufacturer.java:47)
at exercise.Module2.SelectManufacturer.closebrowse(SelectManufacturer.java:47)
at exercise.Module2.SelectManufacturer.closebrowse(SelectManufacturer.java:47)
at exercise.Module2.SelectManufacturer.closebrowse(SelectManufacturer.java:47)
at exercise.Module2.SelectManufacturer.closebrowse(SelectManufacturer.java:47)
at exercise.Module2.SelectManufacturer.closebrowse(SelectManufacturer.java:47)
at exercise.Module2.SelectManufacturer.closebrowse(SelectManufacturer.java:47)
at exercise.Module2.SelectManufacturer.closebrowse(SelectManufacturer.java:47)
at exercise.Module2.SelectManufacturer.closebrowse(SelectManufacturer.java:47)
at exercise.Module2.SelectManufacturer.closebrowse(SelectManufacturer.java:47)
at exercise.Module2.SelectManufacturer.closebrowse(SelectManufacturer.java:47)
]]>
    </failure>
  </testcase> <!-- @AfterTest closebrowse -->
  <testcase classname="exercise.Module2.SelectManufacturer" name="testSelectManufacturer" time="2.823"/>
</testsuite> <!-- Default test -->
